<?xml version="1.0" encoding="UTF-8"?>
<!-- Generated by org.testng.reporters.JUnitReportReporter -->
<testsuite hostname="HP_VICTUS_BABI" failures="0" tests="3" name="testcases.QaLegendTicketTest" time="37.724" errors="0" timestamp="2025-05-11T22:07:03 IST" skipped="0">
  <testcase classname="testcases.QaLegendTicketTest" name="deleteTicket" time="17.148"/>
  <testcase classname="testcases.QaLegendTicketTest" name="editTicket" time="11.541"/>
  <testcase classname="testcases.QaLegendTicketTest" name="addTicket" time="9.035"/>
</testsuite> <!-- testcases.QaLegendTicketTest -->
