<?xml version="1.0" encoding="UTF-8"?>
<!-- Generated by org.testng.reporters.JUnitReportReporter -->
<testsuite hostname="HP_VICTUS_BABI" failures="0" tests="3" name="testcases.QaLegendTicketTest" time="25.506" errors="0" timestamp="2025-05-11T17:45:00 IST" skipped="0">
  <testcase classname="testcases.QaLegendTicketTest" name="deleteTicket" time="7.473"/>
  <testcase classname="testcases.QaLegendTicketTest" name="editTicket" time="10.161"/>
  <testcase classname="testcases.QaLegendTicketTest" name="addTicket" time="7.872"/>
</testsuite> <!-- testcases.QaLegendTicketTest -->
