<?xml version="1.0" encoding="UTF-8"?>
<!-- Generated by org.testng.reporters.JUnitReportReporter -->
<testsuite hostname="HP_VICTUS_BABI" failures="0" tests="3" name="testcases.QaLegendTicketTest" time="27.035" errors="0" timestamp="2025-05-12T07:46:46 IST" skipped="0">
  <testcase classname="testcases.QaLegendTicketTest" name="addTicket" time="8.135"/>
  <testcase classname="testcases.QaLegendTicketTest" name="deleteTicket" time="7.777"/>
  <testcase classname="testcases.QaLegendTicketTest" name="editTicket" time="11.123"/>
</testsuite> <!-- testcases.QaLegendTicketTest -->
