<?xml version="1.0" encoding="UTF-8"?>
<!-- Generated by org.testng.reporters.JUnitReportReporter -->
<testsuite hostname="HP_VICTUS_BABI" failures="0" tests="3" name="testcases.QaLegendTicketTest" time="32.709" errors="0" timestamp="2025-05-07T21:27:51 IST" skipped="0">
  <testcase classname="testcases.QaLegendTicketTest" name="editTicket" time="12.183"/>
  <testcase classname="testcases.QaLegendTicketTest" name="deleteTicket" time="9.362"/>
  <testcase classname="testcases.QaLegendTicketTest" name="addTicket" time="11.164"/>
</testsuite> <!-- testcases.QaLegendTicketTest -->
