<?xml version="1.0" encoding="UTF-8"?>
<!-- Generated by org.testng.reporters.JUnitReportReporter -->
<testsuite hostname="HP_VICTUS_BABI" failures="0" tests="4" name="testcases.QaLegendTeamMemberTest" time="33.048" errors="0" timestamp="2025-05-12T07:46:46 IST" skipped="0">
  <testcase classname="testcases.QaLegendTeamMemberTest" name="addTeamMember" time="13.447"/>
  <testcase classname="testcases.QaLegendTeamMemberTest" name="deleteTeamMember" time="9.088"/>
  <testcase classname="testcases.QaLegendTeamMemberTest" name="addNewNote" time="5.331"/>
  <testcase classname="testcases.QaLegendTeamMemberTest" name="addItems" time="5.182"/>
</testsuite> <!-- testcases.QaLegendTeamMemberTest -->
