<?xml version="1.0" encoding="UTF-8"?>
<!-- Generated by org.testng.reporters.JUnitReportReporter -->
<testsuite hostname="HP_VICTUS_BABI" failures="0" tests="1" name="testcases.QaLegendTeamMemberTest" time="11.040" errors="0" timestamp="2025-05-11T19:59:18 IST" skipped="0">
  <testcase classname="testcases.QaLegendTeamMemberTest" name="deleteTeamMember" time="11.040"/>
</testsuite> <!-- testcases.QaLegendTeamMemberTest -->
