<?xml version="1.0" encoding="UTF-8"?>
<!-- Generated by org.testng.reporters.JUnitReportReporter -->
<testsuite hostname="HP_VICTUS_BABI" failures="0" tests="3" name="testcases.QaLegendTicketTest" time="27.181" errors="0" timestamp="2025-05-11T21:39:25 IST" skipped="0">
  <testcase classname="testcases.QaLegendTicketTest" name="editTicket" time="10.903"/>
  <testcase classname="testcases.QaLegendTicketTest" name="deleteTicket" time="7.953"/>
  <testcase classname="testcases.QaLegendTicketTest" name="addTicket" time="8.325"/>
</testsuite> <!-- testcases.QaLegendTicketTest -->
