<?xml version="1.0" encoding="UTF-8"?>
<!-- Generated by org.testng.reporters.JUnitReportReporter -->
<testsuite hostname="HP_VICTUS_BABI" failures="0" tests="3" name="testcases.QaLegendTicketTest" time="41.831" errors="0" timestamp="2025-05-08T20:43:57 IST" skipped="0">
  <testcase classname="testcases.QaLegendTicketTest" name="addTicket" time="11.027"/>
  <testcase classname="testcases.QaLegendTicketTest" name="deleteTicket" time="15.821"/>
  <testcase classname="testcases.QaLegendTicketTest" name="editTicket" time="14.983"/>
</testsuite> <!-- testcases.QaLegendTicketTest -->
